Exporter version: 5.6.4, Blender version: 2.79 (sub 0)
========= Conversion from Blender to Babylon.js =========
	Scene settings used :
		export scope        :  ALL
		inline textures     :  false
		Positions Precision :  4
		Normals Precision   :  3
		UVs Precision       :  3
		Vert Color Precision:  3
		Mat Weight Precision:  2
		texture directory   :  C:\Users\raudel\OneDrive\Desarrollo\Babylon\models\
	Python World class constructor completed
	WARNING: No active camera has been assigned, or is not in a currently selected Blender layer
	processing begun of mesh:  base
		processing begun of Standard material:  Base
		num positions      :  8
		num normals        :  8
		num uvs            :  0
		num uvs2           :  0
		num colors         :  0
		num indices        :  36
	processing begun of mesh:  patas
		registered as also a user of material:  Base
		num positions      :  256
		num normals        :  256
		num uvs            :  0
		num uvs2           :  0
		num colors         :  0
		num indices        :  1488
	processing begun of mesh:  cojin
		processing begun of baked material:  cojin
			Cycles baking texture, type: DIFFUSE, mapped using: UVMap
		num positions      :  169
		num normals        :  169
		num uvs            :  338
		num uvs2           :  0
		num colors         :  0
		num indices        :  396
	processing begun of light (AREA):  Area
	processing begun of light (SUN):  Sun
========= Writing of scene file started =========
========= Writing of scene file completed =========
========= end of processing =========
elapsed time:  11 min, 0.6206 secs
